0 info it worked if it ends with ok
1 verbose cli [ '/usr/bin/node', '/usr/bin/npm', 'run', 'dev' ]
2 info using npm@3.5.2
3 info using node@v8.10.0
4 verbose run-script [ 'predev', 'dev', 'postdev' ]
5 info lifecycle functions@~predev: functions@
6 silly lifecycle functions@~predev: no script for predev, continuing
7 info lifecycle functions@~dev: functions@
8 verbose lifecycle functions@~dev: unsafe-perm in lifecycle true
9 verbose lifecycle functions@~dev: PATH: /usr/share/npm/bin/node-gyp-bin:/mnt/c/Users/Geoffrey/Workspace/learning/graphql-firestore/functions/node_modules/.bin:/home/geoffreyunix/.local/bin:/home/geoffreyunix/.rvm/gems/ruby-2.5.1@2.3/bin:/home/geoffreyunix/.rvm/gems/ruby-2.5.1@global/bin:/usr/share/rvm/rubies/ruby-2.5.1/bin:/usr/local/sbin:/usr/local/bin:/usr/sbin:/usr/bin:/sbin:/bin:/usr/games:/usr/local/games:/mnt/c/Program Files (x86)/Intel/Intel(R) Management Engine Components/iCLS:/mnt/c/Program Files/Intel/Intel(R) Management Engine Components/iCLS:/mnt/c/Windows/System32:/mnt/c/Windows:/mnt/c/Windows/System32/wbem:/mnt/c/Windows/System32/WindowsPowerShell/v1.0:/mnt/c/Windows/System32/OpenSSH:/mnt/c/Program Files (x86)/Intel/Intel(R) Management Engine Components/DAL:/mnt/c/Program Files/Intel/Intel(R) Management Engine Components/DAL:/mnt/c/Program Files (x86)/Intel/Intel(R) Management Engine Components/IPT:/mnt/c/Program Files/Intel/Intel(R) Management Engine Components/IPT:/mnt/c/Program Files/Intel/WiFi/bin:/mnt/c/Program Files/Common Files/Intel/WirelessCommon:/mnt/c/Program Files/NVIDIA Corporation/NVIDIA NvDLISR:/mnt/c/Program Files (x86)/NVIDIA Corporation/PhysX/Common:/mnt/c/Users/Geoffrey/AppData/Local/Microsoft/WindowsApps:/mnt/c/Users/Geoffrey/AppData/Local/atom/bin:/mnt/c/Users/Geoffrey/AppData/Local/hyper/app-2.1.2/resources/bin:/snap/bin:/usr/share/rvm/bin
10 verbose lifecycle functions@~dev: CWD: /mnt/c/Users/Geoffrey/Workspace/learning/graphql-firestore/functions
11 silly lifecycle functions@~dev: Args: [ '-c', 'node graphql/localServer.js' ]
12 silly lifecycle functions@~dev: Returned: code: 1  signal: null
13 info lifecycle functions@~dev: Failed to exec dev script
14 verbose stack Error: functions@ dev: `node graphql/localServer.js`
14 verbose stack Exit status 1
14 verbose stack     at EventEmitter.<anonymous> (/usr/share/npm/lib/utils/lifecycle.js:232:16)
14 verbose stack     at emitTwo (events.js:126:13)
14 verbose stack     at EventEmitter.emit (events.js:214:7)
14 verbose stack     at ChildProcess.<anonymous> (/usr/share/npm/lib/utils/spawn.js:24:14)
14 verbose stack     at emitTwo (events.js:126:13)
14 verbose stack     at ChildProcess.emit (events.js:214:7)
14 verbose stack     at maybeClose (internal/child_process.js:925:16)
14 verbose stack     at Process.ChildProcess._handle.onexit (internal/child_process.js:209:5)
15 verbose pkgid functions@
16 verbose cwd /mnt/c/Users/Geoffrey/Workspace/learning/graphql-firestore/functions
17 error Linux 4.4.0-17134-Microsoft
18 error argv "/usr/bin/node" "/usr/bin/npm" "run" "dev"
19 error node v8.10.0
20 error npm  v3.5.2
21 error code ELIFECYCLE
22 error functions@ dev: `node graphql/localServer.js`
22 error Exit status 1
23 error Failed at the functions@ dev script 'node graphql/localServer.js'.
23 error Make sure you have the latest version of node.js and npm installed.
23 error If you do, this is most likely a problem with the functions package,
23 error not with npm itself.
23 error Tell the author that this fails on your system:
23 error     node graphql/localServer.js
23 error You can get information on how to open an issue for this project with:
23 error     npm bugs functions
23 error Or if that isn't available, you can get their info via:
23 error     npm owner ls functions
23 error There is likely additional logging output above.
24 verbose exit [ 1, true ]
